0
0
200
3
G:\test\gst
200
3
G:\test\gst
0
0
0
0
0
0
rfa
0
df
0
0
None
None
300
5
E:\doc\Scratch\out
300
5
E:\doc\Scratch\out
300
6
300
4
300
4
4

H:\WORKing\case2322.mxd
H:\WORKing\case2.mxd
H:\WORKing\case23232.mxd
H:\WORKing\case2.mxd
H:\WORKing\case 实验7 - 副本 (2).mxd
G:\第三次高标复核\眉山市\丹棱县10.1.mxd
G:\第三次高标复核\眉山市\丹棱县.mxd
G:\第三次高标复核\眉山市\511424丹棱县
G:\第三次高标复核\眉山市\511424丹棱县
C:/Users/Administrator/Desktop/苍梧2323.mxd
C:/Users/Administrator/Desktop/苍梧.mxd
G:\南江县\9.12\南江分布图\10.1\和平镇10.2.mxd
G:\南江县\9.12\南江分布图\10.1\和平镇.mxd
G:\南江县\9.12\南江分布图\10.1\和平镇10.1.mxd
G:\南江县\9.12\南江分布图\10.1\和平镇.mxd
G:\高标准分布图\西充\txt\txt2shp
G:\高标准分布图\西充\txt
G:\高标准分布图\西充\txt\txt2shp
G:\高标准分布图\西充\txt
G:\高标准分布图\西充\txt\txt2shp
G:\高标准分布图\西充\txt
G:\高标准分布图\西充\txt\txt2shp
G:\高标准分布图\西充\txt
G:\高标准分布图\西充\txt\txt2shp
G:\高标准分布图\西充\txt
G:\高标准分布图\西充\txt\txt2shp
G:\高标准分布图\西充\txt
1
4
G:/test/gst
1
4
G:/test/gst
1
4
G:/test/gst
1
4
G:/test/gst
1
4
G:/test/gst
G:\高标准分布图\西充\txt\txt2shp
G:\高标准分布图\西充\txt
G:\高标准分布图\西充\txt\txt2shp
G:\高标准分布图\西充\txt
G:\高标准分布图\西充\txt\txt2shp
G:\高标准分布图\西充\txt
G:\高标准分布图\西充\txt\txt2shp
G:\高标准分布图\西充\txt
G:\高标准分布图\西充\txt\txt2shp
G:\高标准分布图\西充\txt
G:\高标准分布图\西充\txt\txt2shp
G:\高标准分布图\西充\txt
G:\高标准分布图\西充\txt\txt2shp
G:\高标准分布图\西充\txt
G:\高标准分布图\西充\txt\txt2shp
G:\高标准分布图\西充\txt
G:\高标准分布图\西充\txt\txt2shp
G:\高标准分布图\西充\txt
G:\高标准分布图\西充\txt\txt2shp
G:\高标准分布图\西充\txt
G:\高标准分布图\西充\txt\txt2shp
G:\高标准分布图\西充\txt
G:\高标准分布图\西充\txt\txt2shp
G:\高标准分布图\西充\txt
G:\高标准分布图\西充\txt\txt2shp
G:\高标准分布图\西充\txt
G:\高标准分布图\西充\txt\txt2shp
G:\高标准分布图\西充\txt
G:\高标准分布图\西充\txt\txt2shp
G:\高标准分布图\西充\txt
G:\高标准分布图\西充\txt\txt2shp
G:\高标准分布图\西充\txt
G:\高标准分布图\中江县\txt\txt2shp
G:\高标准分布图\中江县\txt
G:\高标准分布图\中江县\txt\txt2shp
G:\高标准分布图\中江县\txt
G:\高标准分布图\都江堰\都江22堰.mxd
G:\高标准分布图\都江堰\都江堰.mxd
1
8
G:/test/gst
tet23
tet23
tet23
st
G:/test/gst
7
2
1
2
3
4
5
6
7
8
9
10
1
12
13
14
15
16
17
18
19
320tet
tet1
