Exception in Tkinter callback
Traceback (most recent call last):
  File "Tkinter.pyc", line 1486, in __call__
  File "entrance.pyc", line 238, in open_GSTrename
  File "LQHD\gstrename.pyc", line 63, in __init__
  File "tooltk.pyc", line 54, in __init__
  File "tooltk.pyc", line 168, in read_help
IOError: [Errno 2] No such file or directory: '../docs/gstrename.gc'
Exception in Tkinter callback
Traceback (most recent call last):
  File "Tkinter.pyc", line 1486, in __call__
  File "entrance.pyc", line 243, in open_Multip_exp
  File "crcpy\multiplexport.pyc", line 88, in __init__
  File "tooltk.pyc", line 54, in __init__
  File "tooltk.pyc", line 168, in read_help
IOError: [Errno 2] No such file or directory: '../docs/multiplexport.gc'
Error processing line 22 of G:\MoveOn\Gispot_copy\bin\dist\site-packages\Desktop10.3.pth:

  Traceback (most recent call last):
    File "site.pyc", line 152, in addpackage
    File "<string>", line 1, in <module>
    File "C:\Program Files (x86)\ArcGIS\Desktop10.3\ArcPy\arcpy\__init__.py", line 24, in <module>
    File "C:\Program Files (x86)\ArcGIS\Desktop10.3\ArcPy\arcpy\toolbox.py", line 15, in <module>
    File "C:\Program Files (x86)\ArcGIS\Desktop10.3\ArcPy\arcpy\ddd.py", line 23, in <module>
    File "C:\Program Files (x86)\ArcGIS\Desktop10.3\ArcPy\arcpy\arcobjects\__init__.py", line 16, in <module>
    File "C:\Program Files (x86)\ArcGIS\Desktop10.3\ArcPy\arcpy\arcobjects\arcobjects.py", line 17, in <module>
    File "C:\Program Files (x86)\ArcGIS\Desktop10.3\ArcPy\arcpy\arcobjects\mixins.py", line 22, in <module>
  ImportError: No module named etree.ElementTree

Remainder of file ignored
Exception in Tkinter callback
Traceback (most recent call last):
  File "Tkinter.pyc", line 1486, in __call__
  File "entrance.pyc", line 243, in open_Multip_exp
  File "crcpy\multiplexport.pyc", line 88, in __init__
  File "tooltk.pyc", line 54, in __init__
  File "tooltk.pyc", line 168, in read_help
IOError: [Errno 2] No such file or directory: '../docs/multiplexport.gc'
